<?xml version="1.0" encoding="UTF-8"?>
<!-- Generated by org.testng.reporters.JUnitXMLReporter -->
<testsuite ignored="0" hostname="NUV-5CG1152V3W" failures="1" tests="2" name="HOME PAGE TESTS" time="62.651" errors="0" timestamp="2023-05-16T15:26:11 EEST">
  <testcase classname="PagesEcommerce.base" name="@BeforeClass beforeClass" time="62.61">
    <failure type="org.openqa.selenium.WebDriverException" message="unknown error: cannot connect to chrome at localhost:20363
from chrome not reachable
Build info: version: &amp;apos;3.141.59&amp;apos;, revision: &amp;apos;e82be7d358&amp;apos;, time: &amp;apos;2018-11-14T08:17:03&amp;apos;
System info: host: &amp;apos;NUV-5CG1152V3W&amp;apos;, ip: &amp;apos;192.168.1.3&amp;apos;, os.name: &amp;apos;Windows 10&amp;apos;, os.arch: &amp;apos;amd64&amp;apos;, os.version: &amp;apos;10.0&amp;apos;, java.version: &amp;apos;17.0.7&amp;apos;
Driver info: driver.version: ChromeDriver
remote stacktrace: Backtrace:
	GetHandleVerifier [0x00568893+48451]
	(No symbol) [0x004FB8A1]
	(No symbol) [0x00404F20]
	(No symbol) [0x003FB0E5]
	(No symbol) [0x00425858]
	(No symbol) [0x00420151]
	(No symbol) [0x0041FF31]
	(No symbol) [0x00450798]
	(No symbol) [0x0045047C]
	(No symbol) [0x0044A0B6]
	(No symbol) [0x00427E08]
	(No symbol) [0x00428F2D]
	GetHandleVerifier [0x007C8E3A+2540266]
	GetHandleVerifier [0x00808959+2801161]
	GetHandleVerifier [0x0080295C+2776588]
	GetHandleVerifier [0x005F2280+612144]
	(No symbol) [0x00504F6C]
	(No symbol) [0x005011D8]
	(No symbol) [0x005012BB]
	(No symbol) [0x004F4857]
	BaseThreadInitThunk [0x75E800C9+25]
	RtlGetAppContainerNamedObjectPath [0x771D7B4E+286]
	RtlGetAppContainerNamedObjectPath [0x771D7B1E+238]
">
      <![CDATA[org.openqa.selenium.WebDriverException: unknown error: cannot connect to chrome at localhost:20363
from chrome not reachable
Build info: version: '3.141.59', revision: 'e82be7d358', time: '2018-11-14T08:17:03'
System info: host: 'NUV-5CG1152V3W', ip: '192.168.1.3', os.name: 'Windows 10', os.arch: 'amd64', os.version: '10.0', java.version: '17.0.7'
Driver info: driver.version: ChromeDriver
remote stacktrace: Backtrace:
GetHandleVerifier [0x00568893+48451]
(No symbol) [0x004FB8A1]
(No symbol) [0x00404F20]
(No symbol) [0x003FB0E5]
(No symbol) [0x00425858]
(No symbol) [0x00420151]
(No symbol) [0x0041FF31]
(No symbol) [0x00450798]
(No symbol) [0x0045047C]
(No symbol) [0x0044A0B6]
(No symbol) [0x00427E08]
(No symbol) [0x00428F2D]
GetHandleVerifier [0x007C8E3A+2540266]
GetHandleVerifier [0x00808959+2801161]
GetHandleVerifier [0x0080295C+2776588]
GetHandleVerifier [0x005F2280+612144]
(No symbol) [0x00504F6C]
(No symbol) [0x005011D8]
(No symbol) [0x005012BB]
(No symbol) [0x004F4857]
BaseThreadInitThunk [0x75E800C9+25]
RtlGetAppContainerNamedObjectPath [0x771D7B4E+286]
RtlGetAppContainerNamedObjectPath [0x771D7B1E+238]

at org.openqa.selenium.remote.W3CHandshakeResponse.lambda$errorHandler$0(W3CHandshakeResponse.java:62)
at org.openqa.selenium.remote.HandshakeResponse.lambda$getResponseFunction$0(HandshakeResponse.java:30)
at org.openqa.selenium.remote.ProtocolHandshake.lambda$createSession$0(ProtocolHandshake.java:126)
at java.base/java.util.stream.ReferencePipeline$3$1.accept(ReferencePipeline.java:197)
at java.base/java.util.Spliterators$ArraySpliterator.tryAdvance(Spliterators.java:1002)
at java.base/java.util.stream.ReferencePipeline.forEachWithCancel(ReferencePipeline.java:129)
at java.base/java.util.stream.AbstractPipeline.copyIntoWithCancel(AbstractPipeline.java:527)
at java.base/java.util.stream.AbstractPipeline.copyInto(AbstractPipeline.java:513)
at java.base/java.util.stream.AbstractPipeline.wrapAndCopyInto(AbstractPipeline.java:499)
at java.base/java.util.stream.FindOps$FindOp.evaluateSequential(FindOps.java:150)
at java.base/java.util.stream.AbstractPipeline.evaluate(AbstractPipeline.java:234)
at java.base/java.util.stream.ReferencePipeline.findFirst(ReferencePipeline.java:647)
at org.openqa.selenium.remote.ProtocolHandshake.createSession(ProtocolHandshake.java:128)
at org.openqa.selenium.remote.ProtocolHandshake.createSession(ProtocolHandshake.java:74)
at org.openqa.selenium.remote.HttpCommandExecutor.execute(HttpCommandExecutor.java:136)
at org.openqa.selenium.remote.service.DriverCommandExecutor.execute(DriverCommandExecutor.java:83)
at org.openqa.selenium.remote.RemoteWebDriver.execute(RemoteWebDriver.java:552)
at org.openqa.selenium.remote.RemoteWebDriver.startSession(RemoteWebDriver.java:213)
at org.openqa.selenium.remote.RemoteWebDriver.<init>(RemoteWebDriver.java:131)
at org.openqa.selenium.chrome.ChromeDriver.<init>(ChromeDriver.java:181)
at org.openqa.selenium.chrome.ChromeDriver.<init>(ChromeDriver.java:168)
at org.openqa.selenium.chrome.ChromeDriver.<init>(ChromeDriver.java:157)
at PagesEcommerce.base.initialise(base.java:115)
at PagesEcommerce.base.beforeClass(base.java:531)
at java.base/java.util.ArrayList.forEach(ArrayList.java:1511)
... Removed 30 stack frames]]>
    </failure>
  </testcase> <!-- @BeforeClass beforeClass -->
  <testcase classname="ShoppingTests.LAMBDA_TESTS_HomePage" name="t1_verifyLambdaTest_HomePageElements" time="0.0">
    <skipped/>
  </testcase> <!-- t1_verifyLambdaTest_HomePageElements -->
  <testcase classname="ShoppingTests.LAMBDA_TESTS_HomePage" name="t1_verifyLambdaTest_HomePageElements" time="0.014">
    <failure type="java.lang.NullPointerException" message="Cannot invoke &amp;quot;org.openqa.selenium.JavascriptExecutor.executeScript(String, Object[])&amp;quot; because &amp;quot;js&amp;quot; is null">
      <![CDATA[java.lang.NullPointerException: Cannot invoke "org.openqa.selenium.JavascriptExecutor.executeScript(String, Object[])" because "js" is null
at PagesEcommerce.base.zoomOutPage(base.java:380)
at PagesEcommerce.base.ScreenCapture(base.java:341)
at PagesEcommerce.ExtentReportListener.onTestSkipped(ExtentReportListener.java:207)
at java.base/java.util.ArrayList.forEach(ArrayList.java:1511)
... Removed 25 stack frames]]>
    </failure>
  </testcase> <!-- t1_verifyLambdaTest_HomePageElements -->
</testsuite> <!-- HOME PAGE TESTS -->
