<html>
<head>
<title>TestNG:  Test</title>
<link href="../testng.css" rel="stylesheet" type="text/css" />
<link href="../my-testng.css" rel="stylesheet" type="text/css" />

<style type="text/css">
.log { display: none;} 
.stack-trace { display: none;} 
</style>
<script type="text/javascript">
<!--
function flip(e) {
  current = e.style.display;
  if (current == 'block') {
    e.style.display = 'none';
    return 0;
  }
  else {
    e.style.display = 'block';
    return 1;
  }
}

function toggleBox(szDivId, elem, msg1, msg2)
{
  var res = -1;  if (document.getElementById) {
    res = flip(document.getElementById(szDivId));
  }
  else if (document.all) {
    // this is the way old msie versions work
    res = flip(document.all[szDivId]);
  }
  if(elem) {
    if(res == 0) elem.innerHTML = msg1; else elem.innerHTML = msg2;
  }

}

function toggleAllBoxes() {
  if (document.getElementsByTagName) {
    d = document.getElementsByTagName('div');
    for (i = 0; i < d.length; i++) {
      if (d[i].className == 'log') {
        flip(d[i]);
      }
    }
  }
}

// -->
</script>

</head>
<body>
<h2 align='center'>Test</h2><table border='1' align="center">
<tr>
<td>Tests passed/Failed/Skipped:</td><td>7/1/0</td>
</tr><tr>
<td>Started on:</td><td>Tue Feb 16 10:31:50 EET 2021</td>
</tr>
<tr><td>Total time:</td><td>49 seconds (49405 ms)</td>
</tr><tr>
<td>Included groups:</td><td></td>
</tr><tr>
<td>Excluded groups:</td><td></td>
</tr>
</table><p/>
<small><i>(Hover the method name to see the test class name)</i></small><p/>
<table width='100%' border='1' class='invocation-failed'>
<tr><td colspan='4' align='center'><b>FAILED TESTS</b></td></tr>
<tr><td><b>Test method</b></td>
<td width="30%"><b>Exception</b></td>
<td width="10%"><b>Time (seconds)</b></td>
<td><b>Instance</b></td>
</tr>
<tr>
<td title='zeroBankTests.AccountSummaryCreditCardAccounts.CreditCardVerfyInvalid()'><b>CreditCardVerfyInvalid</b><br>Test class: zeroBankTests.AccountSummaryCreditCardAccounts<br>Test method: Login to the applicationNavigate to Account Summary and verify in Credit Accounts > Credit card Numbertry to verify the Credit card details with invalid data<br>Parameters: username, password, VISA 4485-5368-3381-1111<br/>
<a href="#Output-1128158063" onClick='toggleBox("Output-1128158063", this, "Show output", "Hide output");'>Show output</a>

<a href="#Output-1128158063" onClick="toggleAllBoxes();">Show all outputs</a>
<div class='log' id="Output-1128158063">
Starting test method:CreditCardVerfyInvalid<br/>
CreditCardVerfyInvalid is Failed<br/>
Click to see Screenshot<br/>
<a href=C:\Users\plame\git\zeroBank1\ZeroBankProject\screenshots\Tue_Feb_16_10_32_37_EET_2021.png></a><br/>
<br>  <img src='C:\Users\plame\git\zeroBank1\ZeroBankProject\screenshots\Tue_Feb_16_10_32_37_EET_2021.png' height='200' width='200' /><br><br/>
<a target="_blank" href=C:\Users\plame\git\zeroBank1\ZeroBankProject\screenshots\Tue_Feb_16_10_32_37_EET_2021.png>Screenshot</a><br/>
</div>
</td>
<td><div><pre>java.lang.AssertionError: expected [VISA 4485-5368-3381-1111] but found [VISA 4485-5368-3381-1879]
	at zeroBankTests.AccountSummaryCreditCardAccounts.CreditCardVerfyInvalid(AccountSummaryCreditCardAccounts.java:78)
	at java.base/java.util.ArrayList.forEach(ArrayList.java:1511)
... Removed 33 stack frames</pre></div><a href='#' onClick='toggleBox("stack-trace1128158063", this, "Click to show all stack frames", "Click to hide stack frames")'>Click to show all stack frames</a>
<div class='stack-trace' id='stack-trace1128158063'><pre>java.lang.AssertionError: expected [VISA 4485-5368-3381-1111] but found [VISA 4485-5368-3381-1879]
	at org.testng.Assert.fail(Assert.java:99)
	at org.testng.Assert.failNotEquals(Assert.java:1037)
	at org.testng.Assert.assertEqualsImpl(Assert.java:140)
	at org.testng.Assert.assertEquals(Assert.java:122)
	at org.testng.Assert.assertEquals(Assert.java:629)
	at org.testng.Assert.assertEquals(Assert.java:639)
	at zeroBankTests.AccountSummaryCreditCardAccounts.CreditCardVerfyInvalid(AccountSummaryCreditCardAccounts.java:78)
	at java.base/jdk.internal.reflect.NativeMethodAccessorImpl.invoke0(Native Method)
	at java.base/jdk.internal.reflect.NativeMethodAccessorImpl.invoke(NativeMethodAccessorImpl.java:62)
	at java.base/jdk.internal.reflect.DelegatingMethodAccessorImpl.invoke(DelegatingMethodAccessorImpl.java:43)
	at java.base/java.lang.reflect.Method.invoke(Method.java:564)
	at org.testng.internal.MethodInvocationHelper.invokeMethod(MethodInvocationHelper.java:132)
	at org.testng.internal.TestInvoker.invokeMethod(TestInvoker.java:599)
	at org.testng.internal.TestInvoker.invokeTestMethod(TestInvoker.java:174)
	at org.testng.internal.MethodRunner.runInSequence(MethodRunner.java:46)
	at org.testng.internal.TestInvoker$MethodInvocationAgent.invoke(TestInvoker.java:822)
	at org.testng.internal.TestInvoker.invokeTestMethods(TestInvoker.java:147)
	at org.testng.internal.TestMethodWorker.invokeTestMethods(TestMethodWorker.java:146)
	at org.testng.internal.TestMethodWorker.run(TestMethodWorker.java:128)
	at java.base/java.util.ArrayList.forEach(ArrayList.java:1511)
	at org.testng.TestRunner.privateRun(TestRunner.java:764)
	at org.testng.TestRunner.run(TestRunner.java:585)
	at org.testng.SuiteRunner.runTest(SuiteRunner.java:384)
	at org.testng.SuiteRunner.runSequentially(SuiteRunner.java:378)
	at org.testng.SuiteRunner.privateRun(SuiteRunner.java:337)
	at org.testng.SuiteRunner.run(SuiteRunner.java:286)
	at org.testng.SuiteRunnerWorker.runSuite(SuiteRunnerWorker.java:53)
	at org.testng.SuiteRunnerWorker.run(SuiteRunnerWorker.java:96)
	at org.testng.TestNG.runSuitesSequentially(TestNG.java:1218)
	at org.testng.TestNG.runSuitesLocally(TestNG.java:1140)
	at org.testng.TestNG.runSuites(TestNG.java:1069)
	at org.testng.TestNG.run(TestNG.java:1037)
	at org.testng.remote.AbstractRemoteTestNG.run(AbstractRemoteTestNG.java:115)
	at org.testng.remote.RemoteTestNG.initAndRun(RemoteTestNG.java:251)
	at org.testng.remote.RemoteTestNG.main(RemoteTestNG.java:77)
</pre></div></td>
<td>0</td>
<td>zeroBankTests.AccountSummaryCreditCardAccounts@7486b455</td></tr>
</table><p>
<table width='100%' border='1' class='invocation-passed'>
<tr><td colspan='4' align='center'><b>PASSED TESTS</b></td></tr>
<tr><td><b>Test method</b></td>
<td width="30%"><b>Exception</b></td>
<td width="10%"><b>Time (seconds)</b></td>
<td><b>Instance</b></td>
</tr>
<tr>
<td title='zeroBankTests.AccountSummaryCreditCardAccounts.CreditCardVerfyValid()'><b>CreditCardVerfyValid</b><br>Test class: zeroBankTests.AccountSummaryCreditCardAccounts<br>Test method: Login to the applicationNavigate to Account Summary and verify in Credit Accounts > Credit card Number<br>Parameters: username, password, VISA 4485-5368-3381-1879<br/>
<a href="#Output-2062667107" onClick='toggleBox("Output-2062667107", this, "Show output", "Hide output");'>Show output</a>

<a href="#Output-2062667107" onClick="toggleAllBoxes();">Show all outputs</a>
<div class='log' id="Output-2062667107">
Starting test method:CreditCardVerfyValid<br/>
 Enter value : username<br/>
 Enter value : password<br/>
All Elements on Account Summary Page are displayed<br/>
All Elements on Account Summary Page are displayed<br/>
VISA 4485-5368-3381-1879<br/>
CreditCardVerfyValid is Passed<br/>
</div>
</td>
<td></td>
<td>3</td>
<td>zeroBankTests.AccountSummaryCreditCardAccounts@7486b455</td></tr>
<tr>
<td title='zeroBankTests.LoginInvalid.loginInvalid()'><b>loginInvalid</b><br>Test class: zeroBankTests.LoginInvalid<br>Parameters: td, 1<br/>
<a href="#Output-692838068" onClick='toggleBox("Output-692838068", this, "Show output", "Hide output");'>Show output</a>

<a href="#Output-692838068" onClick="toggleAllBoxes();">Show all outputs</a>
<div class='log' id="Output-692838068">
Starting test method:loginInvalid<br/>
 Enter value : td<br/>
 Enter value : 1<br/>
Text : Login and/or password are wrong. - is Verified<br/>
loginInvalid is Passed<br/>
</div>
</td>
<td></td>
<td>0</td>
<td>zeroBankTests.LoginInvalid@23941fb4</td></tr>
<tr>
<td title='zeroBankTests.LoginInvalid.loginInvalid()'><b>loginInvalid</b><br>Test class: zeroBankTests.LoginInvalid<br>Parameters:  , <br/>
<a href="#Output-2008746677" onClick='toggleBox("Output-2008746677", this, "Show output", "Hide output");'>Show output</a>

<a href="#Output-2008746677" onClick="toggleAllBoxes();">Show all outputs</a>
<div class='log' id="Output-2008746677">
Starting test method:loginInvalid<br/>
 Enter value :  <br/>
 Enter value : <br/>
Text : Login and/or password are wrong. - is Verified<br/>
loginInvalid is Passed<br/>
</div>
</td>
<td></td>
<td>0</td>
<td>zeroBankTests.LoginInvalid@23941fb4</td></tr>
<tr>
<td title='zeroBankTests.LoginInvalid.loginInvalid()'><b>loginInvalid</b><br>Test class: zeroBankTests.LoginInvalid<br>Parameters: username, _<br/>
<a href="#Output-2076829355" onClick='toggleBox("Output-2076829355", this, "Show output", "Hide output");'>Show output</a>

<a href="#Output-2076829355" onClick="toggleAllBoxes();">Show all outputs</a>
<div class='log' id="Output-2076829355">
Starting test method:loginInvalid<br/>
 Enter value : username<br/>
 Enter value : _<br/>
Text : Login and/or password are wrong. - is Verified<br/>
loginInvalid is Passed<br/>
</div>
</td>
<td></td>
<td>0</td>
<td>zeroBankTests.LoginInvalid@23941fb4</td></tr>
<tr>
<td title='zeroBankTests.LoginInvalid.loginInvalid()'><b>loginInvalid</b><br>Test class: zeroBankTests.LoginInvalid<br>Parameters: st**, password<br/>
<a href="#Output-1898751355" onClick='toggleBox("Output-1898751355", this, "Show output", "Hide output");'>Show output</a>

<a href="#Output-1898751355" onClick="toggleAllBoxes();">Show all outputs</a>
<div class='log' id="Output-1898751355">
Starting test method:loginInvalid<br/>
 Enter value : st**<br/>
 Enter value : password<br/>
Text : Login and/or password are wrong. - is Verified<br/>
loginInvalid is Passed<br/>
</div>
</td>
<td></td>
<td>0</td>
<td>zeroBankTests.LoginInvalid@23941fb4</td></tr>
<tr>
<td title='zeroBankTests.LoginInvalid.loginInvalid()'><b>loginInvalid</b><br>Test class: zeroBankTests.LoginInvalid<br>Parameters: qxvcixav, rnrsydnu<br/>
<a href="#Output-1366581056" onClick='toggleBox("Output-1366581056", this, "Show output", "Hide output");'>Show output</a>

<a href="#Output-1366581056" onClick="toggleAllBoxes();">Show all outputs</a>
<div class='log' id="Output-1366581056">
Starting test method:loginInvalid<br/>
 Enter value : qxvcixav<br/>
 Enter value : rnrsydnu<br/>
Text : Login and/or password are wrong. - is Verified<br/>
loginInvalid is Passed<br/>
</div>
</td>
<td></td>
<td>0</td>
<td>zeroBankTests.LoginInvalid@23941fb4</td></tr>
<tr>
<td title='zeroBankTests.LoginValid.loginValid()'><b>loginValid</b><br>Test class: zeroBankTests.LoginValid<br>Test method: Navigate to SignIn > Login Page,Verify all elements on SignIn and Login page exists,do Login and Assert success login<br>Parameters: username, password<br/>
<a href="#Output-115397800" onClick='toggleBox("Output-115397800", this, "Show output", "Hide output");'>Show output</a>

<a href="#Output-115397800" onClick="toggleAllBoxes();">Show all outputs</a>
<div class='log' id="Output-115397800">
Starting test method:loginValid<br/>
All elements from SignIn Page are Displayed<br/>
 Enter value : username<br/>
 Enter value : password<br/>
All Elements on Account Summary Page are displayed<br/>
All Elements on Account Summary Page are displayed<br/>
loginValid is Passed<br/>
</div>
</td>
<td></td>
<td>3</td>
<td>zeroBankTests.LoginValid@1df8da7a</td></tr>
</table><p>
</body>
</html>