<?xml version="1.0" encoding="UTF-8"?>
<!-- Generated by org.testng.reporters.JUnitXMLReporter -->
<testsuite ignored="0" hostname="NUV-5CG1152V3W" failures="1" tests="5" name="zTest-Shopping" time="10.646" errors="0" timestamp="2023-01-21T19:33:31 EET">
  <testcase classname="ShoppingTests.LAMBDA_TESTS_HomePage" name="t1_verifyLambdaTest_HomePageElements" time="2.182">
    <failure type="java.lang.AssertionError" message="expected [Web Cameras] but found [Web Camera]">
      <![CDATA[java.lang.AssertionError: expected [Web Cameras] but found [Web Camera]
at ShoppingTests.LAMBDA_TESTS_HomePage.t1_verifyLambdaTest_HomePageElements(LAMBDA_TESTS_HomePage.java:44)
at java.base/java.util.ArrayList.forEach(ArrayList.java:1511)
... Removed 31 stack frames]]>
    </failure>
  </testcase> <!-- t1_verifyLambdaTest_HomePageElements -->
  <testcase classname="ShoppingTests.LAMBDA_TESTS_HomePage" name="t2_SearchField_verifyAutoSuggestResults" time="1.466"/>
  <testcase classname="ShoppingTests.LAMBDA_TESTS_HomePage" name="t2_SearchField_verifyAutoSuggestResults" time="1.444"/>
  <testcase classname="ShoppingTests.LAMBDA_TESTS_HomePage" name="t3_search_ProductInTheSearchFieldAndVerifyResults" time="1.974"/>
  <testcase classname="ShoppingTests.LAMBDA_TESTS_HomePage" name="t3_search_ProductInTheSearchFieldAndVerifyResults" time="2.263"/>
</testsuite> <!-- zTest-Shopping -->
