<?xml version="1.0" encoding="UTF-8"?>
<testng-results ignored="0" total="5" passed="4" failed="1" skipped="0">
  <reporter-output>
    <line>
      <![CDATA[]]>
    </line>
    <line>
      <![CDATA[chrome is Initialised]]>
    </line>
    <line>
      <![CDATA[Successfully opened url 'https://ecommerce-playground.lambdatest.io/index.php?route=common/home']]>
    </line>
    <line>
      <![CDATA[Successfully opened url 'https://ecommerce-playground.lambdatest.io/index.php?route=common/home']]>
    </line>
    <line>
      <![CDATA[ Enter value : HTC Touch HD]]>
    </line>
    <line>
      <![CDATA[Successfully opened url 'https://ecommerce-playground.lambdatest.io/index.php?route=common/home']]>
    </line>
    <line>
      <![CDATA[ Enter value : Palm Treo Pro]]>
    </line>
    <line>
      <![CDATA[Successfully opened url 'https://ecommerce-playground.lambdatest.io/index.php?route=common/home']]>
    </line>
    <line>
      <![CDATA[ Enter value : Palm Treo Pro]]>
    </line>
    <line>
      <![CDATA[Successfully opened url 'https://ecommerce-playground.lambdatest.io/index.php?route=common/home']]>
    </line>
    <line>
      <![CDATA[ Enter value : HTC Touch HD]]>
    </line>
    <line>
      <![CDATA[Driver quit]]>
    </line>
    <line>
      <![CDATA[Duration of Suite is : 13 sec.]]>
    </line>
  </reporter-output>
  <suite started-at="2023-05-16T16:06:12 EEST" name="Default suite" finished-at="2023-05-16T16:06:25 EEST" duration-ms="13620">
    <groups>
    </groups>
    <test started-at="2023-05-16T16:06:12 EEST" name="Default test" finished-at="2023-05-16T16:06:25 EEST" duration-ms="13620">
      <class name="ShoppingTests.LAMBDA_TESTS_HomePage">
        <test-method is-config="true" signature="beforeSuite()[pri:0, instance:ShoppingTests.LAMBDA_TESTS_HomePage@4fb61f4a]" started-at="2023-05-16T16:06:12 EEST" name="beforeSuite" finished-at="2023-05-16T16:06:12 EEST" duration-ms="7" status="PASS">
          <reporter-output>
            <line>
              <![CDATA[]]>
            </line>
          </reporter-output>
        </test-method> <!-- beforeSuite -->
        <test-method is-config="true" signature="beforeClass()[pri:0, instance:ShoppingTests.LAMBDA_TESTS_HomePage@4fb61f4a]" started-at="2023-05-16T16:06:12 EEST" name="beforeClass" finished-at="2023-05-16T16:06:13 EEST" duration-ms="1523" status="PASS">
          <reporter-output>
            <line>
              <![CDATA[chrome is Initialised]]>
            </line>
          </reporter-output>
        </test-method> <!-- beforeClass -->
        <test-method signature="t1_verifyLambdaTest_HomePageElements()[pri:0, instance:ShoppingTests.LAMBDA_TESTS_HomePage@4fb61f4a]" started-at="2023-05-16T16:06:13 EEST" name="t1_verifyLambdaTest_HomePageElements" description="The Test verifies the main components on the Home Page" finished-at="2023-05-16T16:06:16 EEST" duration-ms="3406" status="FAIL">
          <exception class="java.lang.AssertionError">
            <message>
              <![CDATA[expected [Web Cameras] but found [Web Camera]]]>
            </message>
            <full-stacktrace>
              <![CDATA[java.lang.AssertionError: expected [Web Cameras] but found [Web Camera]
at org.testng.Assert.fail(Assert.java:99)
at org.testng.Assert.failNotEquals(Assert.java:1037)
at org.testng.Assert.assertEqualsImpl(Assert.java:140)
at org.testng.Assert.assertEquals(Assert.java:122)
at org.testng.Assert.assertEquals(Assert.java:629)
at org.testng.Assert.assertEquals(Assert.java:639)
at ShoppingTests.LAMBDA_TESTS_HomePage.t1_verifyLambdaTest_HomePageElements(LAMBDA_TESTS_HomePage.java:44)
at java.base/jdk.internal.reflect.NativeMethodAccessorImpl.invoke0(Native Method)
at java.base/jdk.internal.reflect.NativeMethodAccessorImpl.invoke(NativeMethodAccessorImpl.java:77)
at java.base/jdk.internal.reflect.DelegatingMethodAccessorImpl.invoke(DelegatingMethodAccessorImpl.java:43)
at java.base/java.lang.reflect.Method.invoke(Method.java:568)
at org.testng.internal.MethodInvocationHelper.invokeMethod(MethodInvocationHelper.java:133)
at org.testng.internal.TestInvoker.invokeMethod(TestInvoker.java:598)
at org.testng.internal.TestInvoker.invokeTestMethod(TestInvoker.java:173)
at org.testng.internal.MethodRunner.runInSequence(MethodRunner.java:46)
at org.testng.internal.TestInvoker$MethodInvocationAgent.invoke(TestInvoker.java:824)
at org.testng.internal.TestInvoker.invokeTestMethods(TestInvoker.java:146)
at org.testng.internal.TestMethodWorker.invokeTestMethods(TestMethodWorker.java:146)
at org.testng.internal.TestMethodWorker.run(TestMethodWorker.java:128)
at java.base/java.util.ArrayList.forEach(ArrayList.java:1511)
at org.testng.TestRunner.privateRun(TestRunner.java:794)
at org.testng.TestRunner.run(TestRunner.java:596)
at org.testng.SuiteRunner.runTest(SuiteRunner.java:377)
at org.testng.SuiteRunner.runSequentially(SuiteRunner.java:371)
at org.testng.SuiteRunner.privateRun(SuiteRunner.java:332)
at org.testng.SuiteRunner.run(SuiteRunner.java:276)
at org.testng.SuiteRunnerWorker.runSuite(SuiteRunnerWorker.java:53)
at org.testng.SuiteRunnerWorker.run(SuiteRunnerWorker.java:96)
at org.testng.TestNG.runSuitesSequentially(TestNG.java:1212)
at org.testng.TestNG.runSuitesLocally(TestNG.java:1134)
at org.testng.TestNG.runSuites(TestNG.java:1063)
at org.testng.TestNG.run(TestNG.java:1031)
at org.testng.remote.AbstractRemoteTestNG.run(AbstractRemoteTestNG.java:115)
at org.testng.remote.RemoteTestNG.initAndRun(RemoteTestNG.java:251)
at org.testng.remote.RemoteTestNG.main(RemoteTestNG.java:77)
]]>
            </full-stacktrace>
          </exception> <!-- java.lang.AssertionError -->
          <reporter-output>
            <line>
              <![CDATA[Successfully opened url 'https://ecommerce-playground.lambdatest.io/index.php?route=common/home']]>
            </line>
          </reporter-output>
        </test-method> <!-- t1_verifyLambdaTest_HomePageElements -->
        <test-method signature="t2_SearchField_verifyAutoSuggestResults(java.lang.String,int)[pri:0, instance:ShoppingTests.LAMBDA_TESTS_HomePage@4fb61f4a]" started-at="2023-05-16T16:06:16 EEST" name="t2_SearchField_verifyAutoSuggestResults" description="This Test will enter a product in the search field and confirm auto suggested results, test is executed with 2 sets of data" data-provider="productInputs" finished-at="2023-05-16T16:06:18 EEST" duration-ms="1593" status="PASS">
          <params>
            <param index="0">
              <value>
                <![CDATA[HTC Touch HD]]>
              </value>
            </param>
            <param index="1">
              <value>
                <![CDATA[5]]>
              </value>
            </param>
          </params>
          <reporter-output>
            <line>
              <![CDATA[Successfully opened url 'https://ecommerce-playground.lambdatest.io/index.php?route=common/home']]>
            </line>
            <line>
              <![CDATA[ Enter value : HTC Touch HD]]>
            </line>
          </reporter-output>
        </test-method> <!-- t2_SearchField_verifyAutoSuggestResults -->
        <test-method signature="t2_SearchField_verifyAutoSuggestResults(java.lang.String,int)[pri:0, instance:ShoppingTests.LAMBDA_TESTS_HomePage@4fb61f4a]" started-at="2023-05-16T16:06:18 EEST" name="t2_SearchField_verifyAutoSuggestResults" description="This Test will enter a product in the search field and confirm auto suggested results, test is executed with 2 sets of data" data-provider="productInputs" finished-at="2023-05-16T16:06:20 EEST" duration-ms="1510" status="PASS">
          <params>
            <param index="0">
              <value>
                <![CDATA[Palm Treo Pro]]>
              </value>
            </param>
            <param index="1">
              <value>
                <![CDATA[2]]>
              </value>
            </param>
          </params>
          <reporter-output>
            <line>
              <![CDATA[Successfully opened url 'https://ecommerce-playground.lambdatest.io/index.php?route=common/home']]>
            </line>
            <line>
              <![CDATA[ Enter value : Palm Treo Pro]]>
            </line>
          </reporter-output>
        </test-method> <!-- t2_SearchField_verifyAutoSuggestResults -->
        <test-method signature="t3_search_ProductInTheSearchFieldAndVerifyResults(java.lang.String,java.lang.String,int)[pri:0, instance:ShoppingTests.LAMBDA_TESTS_HomePage@4fb61f4a]" started-at="2023-05-16T16:06:20 EEST" name="t3_search_ProductInTheSearchFieldAndVerifyResults" description="This test performs search product and verifies the found product" data-provider="productInputs" finished-at="2023-05-16T16:06:23 EEST" duration-ms="2928" status="PASS">
          <params>
            <param index="0">
              <value>
                <![CDATA[Palm Treo Pro]]>
              </value>
            </param>
            <param index="1">
              <value>
                <![CDATA[$337.99]]>
              </value>
            </param>
            <param index="2">
              <value>
                <![CDATA[2]]>
              </value>
            </param>
          </params>
          <reporter-output>
            <line>
              <![CDATA[Successfully opened url 'https://ecommerce-playground.lambdatest.io/index.php?route=common/home']]>
            </line>
            <line>
              <![CDATA[ Enter value : Palm Treo Pro]]>
            </line>
          </reporter-output>
        </test-method> <!-- t3_search_ProductInTheSearchFieldAndVerifyResults -->
        <test-method signature="t3_search_ProductInTheSearchFieldAndVerifyResults(java.lang.String,java.lang.String,int)[pri:0, instance:ShoppingTests.LAMBDA_TESTS_HomePage@4fb61f4a]" started-at="2023-05-16T16:06:23 EEST" name="t3_search_ProductInTheSearchFieldAndVerifyResults" description="This test performs search product and verifies the found product" data-provider="productInputs" finished-at="2023-05-16T16:06:25 EEST" duration-ms="2323" status="PASS">
          <params>
            <param index="0">
              <value>
                <![CDATA[HTC Touch HD]]>
              </value>
            </param>
            <param index="1">
              <value>
                <![CDATA[$146.00]]>
              </value>
            </param>
            <param index="2">
              <value>
                <![CDATA[8]]>
              </value>
            </param>
          </params>
          <reporter-output>
            <line>
              <![CDATA[Successfully opened url 'https://ecommerce-playground.lambdatest.io/index.php?route=common/home']]>
            </line>
            <line>
              <![CDATA[ Enter value : HTC Touch HD]]>
            </line>
          </reporter-output>
        </test-method> <!-- t3_search_ProductInTheSearchFieldAndVerifyResults -->
        <test-method is-config="true" signature="afterClass()[pri:0, instance:ShoppingTests.LAMBDA_TESTS_HomePage@4fb61f4a]" started-at="2023-05-16T16:06:25 EEST" name="afterClass" finished-at="2023-05-16T16:06:25 EEST" duration-ms="308" status="PASS">
          <reporter-output>
          </reporter-output>
        </test-method> <!-- afterClass -->
        <test-method is-config="true" signature="afterSuite()[pri:0, instance:ShoppingTests.LAMBDA_TESTS_HomePage@4fb61f4a]" started-at="2023-05-16T16:06:25 EEST" name="afterSuite" finished-at="2023-05-16T16:06:25 EEST" duration-ms="0" status="PASS">
          <reporter-output>
            <line>
              <![CDATA[Driver quit]]>
            </line>
            <line>
              <![CDATA[Duration of Suite is : 13 sec.]]>
            </line>
          </reporter-output>
        </test-method> <!-- afterSuite -->
      </class> <!-- ShoppingTests.LAMBDA_TESTS_HomePage -->
    </test> <!-- Default test -->
  </suite> <!-- Default suite -->
</testng-results>
