<?xml version="1.0" encoding="UTF-8"?>
<testsuite name="HOME PAGE TESTS"
           tests="5"
           failures="1"
           errors="0"
           skipped="0"
           time="9.582">
  <properties />
            <testcase name="t1_verifyLambdaTest_HomePageElements" time="2.284" classname="ShoppingTests.LAMBDA_TESTS_HomePage">
                <failure type="java.lang.AssertionError"
                  message="expected [Web Cameras] but found [Web Camera]"
              >
<![CDATA[java.lang.AssertionError: expected [Web Cameras] but found [Web Camera]
  org.testng.Assert.fail(Assert.java:99)
  org.testng.Assert.failNotEquals(Assert.java:1037)
  org.testng.Assert.assertEqualsImpl(Assert.java:140)
  org.testng.Assert.assertEquals(Assert.java:122)
  org.testng.Assert.assertEquals(Assert.java:629)
  org.testng.Assert.assertEquals(Assert.java:639)
  ShoppingTests.LAMBDA_TESTS_HomePage.t1_verifyLambdaTest_HomePageElements(LAMBDA_TESTS_HomePage.java:44)
  java.base/jdk.internal.reflect.DirectMethodHandleAccessor.invoke(DirectMethodHandleAccessor.java:104)
  java.base/java.lang.reflect.Method.invoke(Method.java:578)
  org.testng.internal.MethodInvocationHelper.invokeMethod(MethodInvocationHelper.java:133)
  org.testng.internal.TestInvoker.invokeMethod(TestInvoker.java:598)
  org.testng.internal.TestInvoker.invokeTestMethod(TestInvoker.java:173)
  org.testng.internal.MethodRunner.runInSequence(MethodRunner.java:46)
  org.testng.internal.TestInvoker$MethodInvocationAgent.invoke(TestInvoker.java:824)
  org.testng.internal.TestInvoker.invokeTestMethods(TestInvoker.java:146)
  org.testng.internal.TestMethodWorker.invokeTestMethods(TestMethodWorker.java:146)
  org.testng.internal.TestMethodWorker.run(TestMethodWorker.java:128)
  java.base/java.util.ArrayList.forEach(ArrayList.java:1511)
  org.testng.TestRunner.privateRun(TestRunner.java:794)
  org.testng.TestRunner.run(TestRunner.java:596)
  org.testng.SuiteRunner.runTest(SuiteRunner.java:377)
  org.testng.SuiteRunner.runSequentially(SuiteRunner.java:371)
  org.testng.SuiteRunner.privateRun(SuiteRunner.java:332)
  org.testng.SuiteRunner.run(SuiteRunner.java:276)
  org.testng.SuiteRunnerWorker.runSuite(SuiteRunnerWorker.java:53)
  org.testng.SuiteRunnerWorker.run(SuiteRunnerWorker.java:96)
  org.testng.TestNG.runSuitesSequentially(TestNG.java:1212)
  org.testng.TestNG.runSuitesLocally(TestNG.java:1134)
  org.testng.TestNG.runSuites(TestNG.java:1063)
  org.testng.TestNG.run(TestNG.java:1031)
  org.testng.remote.AbstractRemoteTestNG.run(AbstractRemoteTestNG.java:115)
  org.testng.remote.RemoteTestNG.initAndRun(RemoteTestNG.java:251)
  org.testng.remote.RemoteTestNG.main(RemoteTestNG.java:77)
]]>
      </failure>

          </testcase>
  
  
            <testcase name="t3_search_ProductInTheSearchFieldAndVerifyResults" time="2.025" classname="ShoppingTests.LAMBDA_TESTS_HomePage" />
                <testcase name="t2_SearchField_verifyAutoSuggestResults" time="1.439" classname="ShoppingTests.LAMBDA_TESTS_HomePage" />
                <testcase name="t3_search_ProductInTheSearchFieldAndVerifyResults" time="2.292" classname="ShoppingTests.LAMBDA_TESTS_HomePage" />
                <testcase name="t2_SearchField_verifyAutoSuggestResults" time="1.542" classname="ShoppingTests.LAMBDA_TESTS_HomePage" />
      
</testsuite>
